Array
(
    [to_user_id] => 34
    [skill] => Python
    [proficiency] => Intermediate
)
Array
(
    [to_user_id] => 34
    [skill] => Python
    [proficiency] => Intermediate
)
Array
(
    [to_user_id] => 30
    [skill] => Java
    [proficiency] => Intermediate
)
Array
(
)
Array
(
    [to_user_id] => 29
    [skill] => PHP
    [proficiency] => Intermediate
)
Array
(
    [to_user_id] => 38
    [skill] => Python
    [proficiency] => Advanced
)
Array
(
    [to_user_id] => 32
    [skill] => Java
    [proficiency] => Intermediate
)
Array
(
    [to_user_id] => 28
    [skill] => C++
    [proficiency] => Intermediate
)
Array
(
    [to_user_id] => 36
    [skill] => C++
    [proficiency] => Intermediate
)
Array
(
    [to_user_id] => 41
    [skill] => Java
    [proficiency] => Beginner
)
Array
(
    [to_user_id] => 34
    [skill] => Python
    [proficiency] => Intermediate
)
Array
(
    [to_user_id] => 30
    [skill] => Java
    [proficiency] => Intermediate
)
Array
(
    [to_user_id] => 30
    [skill] => C
    [proficiency] => Beginner
)
Array
(
    [to_user_id] => 32
    [skill] => Java
    [proficiency] => Intermediate
)
Array
(
    [to_user_id] => 34
    [skill] => Python
    [proficiency] => Intermediate
)
Array
(
    [to_user_id] => 41
    [skill] => Java
    [proficiency] => Beginner
)
Array
(
    [to_user_id] => 51
    [skill] => Python
    [proficiency] => Beginner
)
Array
(
    [to_user_id] => 30
    [skill] => C
    [proficiency] => Beginner
)
Array
(
    [to_user_id] => 142
    [skill] => Python
    [proficiency] => Beginner
)
Array
(
    [to_user_id] => 28
    [skill] => C++
    [proficiency] => Intermediate
)
Array
(
    [to_user_id] => 28
    [skill] => C++
    [proficiency] => Intermediate
)
Array
(
    [to_user_id] => 28
    [skill] => Python
    [proficiency] => Intermediate
)
